[     878ms] [WARNING] Failed to execute 'write' on 'Document': It isn't possible to write into a document from an asynchronously-loaded external script unless it is explicitly opened. @ https://securepubads.g.doubleclick.net/tag/js/gpt.js:10
[    1025ms] [WARNING] [@sentry/nextjs] You are calling `Sentry.init()` more than once on the client. This can happen if you have both a `sentry.client.config.ts` and a `instrumentation-client.ts` file with `Sentry.init()` calls. It is recommended to call `Sentry.init()` once in `instrumentation-client.ts`. @ https://www.q84sale.com/_next/static/chunks/pages/_app-9fdfc70fbf17458a.js:2430
[    1025ms] [WARNING] Multiple browserTracingIntegration instances are not supported. @ https://www.q84sale.com/_next/static/chunks/pages/_app-9fdfc70fbf17458a.js:2416
[    1303ms] Error: Minified React error #418; visit https://reactjs.org/docs/error-decoder.html?invariant=418 for the full message or use the non-minified dev environment for full errors and additional helpful warnings.
    at Eg (https://www.q84sale.com/_next/static/chunks/framework-1d2cebb0b8f7096d.js:9:46429)
    at x (https://www.q84sale.com/_next/static/chunks/framework-1d2cebb0b8f7096d.js:9:121089)
    at Uk (https://www.q84sale.com/_next/static/chunks/framework-1d2cebb0b8f7096d.js:9:99086)
    at https://www.q84sale.com/_next/static/chunks/framework-1d2cebb0b8f7096d.js:9:98953
    at Ik (https://www.q84sale.com/_next/static/chunks/framework-1d2cebb0b8f7096d.js:9:98960)
    at Gk (https://www.q84sale.com/_next/static/chunks/framework-1d2cebb0b8f7096d.js:9:94004)
    at J (https://www.q84sale.com/_next/static/chunks/framework-1d2cebb0b8f7096d.js:33:1364)
    at MessagePort.R (https://www.q84sale.com/_next/static/chunks/framework-1d2cebb0b8f7096d.js:33:1894)
[    1304ms] Error: Minified React error #418; visit https://reactjs.org/docs/error-decoder.html?invariant=418 for the full message or use the non-minified dev environment for full errors and additional helpful warnings.
    at Eg (https://www.q84sale.com/_next/static/chunks/framework-1d2cebb0b8f7096d.js:9:46429)
    at x (https://www.q84sale.com/_next/static/chunks/framework-1d2cebb0b8f7096d.js:9:121089)
    at Uk (https://www.q84sale.com/_next/static/chunks/framework-1d2cebb0b8f7096d.js:9:99086)
    at https://www.q84sale.com/_next/static/chunks/framework-1d2cebb0b8f7096d.js:9:98953
    at Ik (https://www.q84sale.com/_next/static/chunks/framework-1d2cebb0b8f7096d.js:9:98960)
    at Gk (https://www.q84sale.com/_next/static/chunks/framework-1d2cebb0b8f7096d.js:9:94004)
    at J (https://www.q84sale.com/_next/static/chunks/framework-1d2cebb0b8f7096d.js:33:1364)
    at MessagePort.R (https://www.q84sale.com/_next/static/chunks/framework-1d2cebb0b8f7096d.js:33:1894)
[    1304ms] Error: Minified React error #418; visit https://reactjs.org/docs/error-decoder.html?invariant=418 for the full message or use the non-minified dev environment for full errors and additional helpful warnings.
    at Eg (https://www.q84sale.com/_next/static/chunks/framework-1d2cebb0b8f7096d.js:9:46429)
    at x (https://www.q84sale.com/_next/static/chunks/framework-1d2cebb0b8f7096d.js:9:121089)
    at Uk (https://www.q84sale.com/_next/static/chunks/framework-1d2cebb0b8f7096d.js:9:99086)
    at https://www.q84sale.com/_next/static/chunks/framework-1d2cebb0b8f7096d.js:9:98953
    at Ik (https://www.q84sale.com/_next/static/chunks/framework-1d2cebb0b8f7096d.js:9:98960)
    at Gk (https://www.q84sale.com/_next/static/chunks/framework-1d2cebb0b8f7096d.js:9:94004)
    at J (https://www.q84sale.com/_next/static/chunks/framework-1d2cebb0b8f7096d.js:33:1364)
    at MessagePort.R (https://www.q84sale.com/_next/static/chunks/framework-1d2cebb0b8f7096d.js:33:1894)
[    1304ms] Error: Minified React error #418; visit https://reactjs.org/docs/error-decoder.html?invariant=418 for the full message or use the non-minified dev environment for full errors and additional helpful warnings.
    at Eg (https://www.q84sale.com/_next/static/chunks/framework-1d2cebb0b8f7096d.js:9:46429)
    at x (https://www.q84sale.com/_next/static/chunks/framework-1d2cebb0b8f7096d.js:9:121089)
    at Uk (https://www.q84sale.com/_next/static/chunks/framework-1d2cebb0b8f7096d.js:9:99086)
    at https://www.q84sale.com/_next/static/chunks/framework-1d2cebb0b8f7096d.js:9:98953
    at Ik (https://www.q84sale.com/_next/static/chunks/framework-1d2cebb0b8f7096d.js:9:98960)
    at Gk (https://www.q84sale.com/_next/static/chunks/framework-1d2cebb0b8f7096d.js:9:94004)
    at J (https://www.q84sale.com/_next/static/chunks/framework-1d2cebb0b8f7096d.js:33:1364)
    at MessagePort.R (https://www.q84sale.com/_next/static/chunks/framework-1d2cebb0b8f7096d.js:33:1894)
[    1304ms] Error: Minified React error #418; visit https://reactjs.org/docs/error-decoder.html?invariant=418 for the full message or use the non-minified dev environment for full errors and additional helpful warnings.
    at Eg (https://www.q84sale.com/_next/static/chunks/framework-1d2cebb0b8f7096d.js:9:46429)
    at x (https://www.q84sale.com/_next/static/chunks/framework-1d2cebb0b8f7096d.js:9:121089)
    at Uk (https://www.q84sale.com/_next/static/chunks/framework-1d2cebb0b8f7096d.js:9:99086)
    at https://www.q84sale.com/_next/static/chunks/framework-1d2cebb0b8f7096d.js:9:98953
    at Ik (https://www.q84sale.com/_next/static/chunks/framework-1d2cebb0b8f7096d.js:9:98960)
    at Gk (https://www.q84sale.com/_next/static/chunks/framework-1d2cebb0b8f7096d.js:9:94004)
    at J (https://www.q84sale.com/_next/static/chunks/framework-1d2cebb0b8f7096d.js:33:1364)
    at MessagePort.R (https://www.q84sale.com/_next/static/chunks/framework-1d2cebb0b8f7096d.js:33:1894)
[    1305ms] Error: Minified React error #418; visit https://reactjs.org/docs/error-decoder.html?invariant=418 for the full message or use the non-minified dev environment for full errors and additional helpful warnings.
    at Eg (https://www.q84sale.com/_next/static/chunks/framework-1d2cebb0b8f7096d.js:9:46429)
    at x (https://www.q84sale.com/_next/static/chunks/framework-1d2cebb0b8f7096d.js:9:121089)
    at Uk (https://www.q84sale.com/_next/static/chunks/framework-1d2cebb0b8f7096d.js:9:99086)
    at https://www.q84sale.com/_next/static/chunks/framework-1d2cebb0b8f7096d.js:9:98953
    at Ik (https://www.q84sale.com/_next/static/chunks/framework-1d2cebb0b8f7096d.js:9:98960)
    at Gk (https://www.q84sale.com/_next/static/chunks/framework-1d2cebb0b8f7096d.js:9:94004)
    at J (https://www.q84sale.com/_next/static/chunks/framework-1d2cebb0b8f7096d.js:33:1364)
    at MessagePort.R (https://www.q84sale.com/_next/static/chunks/framework-1d2cebb0b8f7096d.js:33:1894)
[    1305ms] Error: Minified React error #418; visit https://reactjs.org/docs/error-decoder.html?invariant=418 for the full message or use the non-minified dev environment for full errors and additional helpful warnings.
    at Eg (https://www.q84sale.com/_next/static/chunks/framework-1d2cebb0b8f7096d.js:9:46429)
    at x (https://www.q84sale.com/_next/static/chunks/framework-1d2cebb0b8f7096d.js:9:121089)
    at Uk (https://www.q84sale.com/_next/static/chunks/framework-1d2cebb0b8f7096d.js:9:99086)
    at https://www.q84sale.com/_next/static/chunks/framework-1d2cebb0b8f7096d.js:9:98953
    at Ik (https://www.q84sale.com/_next/static/chunks/framework-1d2cebb0b8f7096d.js:9:98960)
    at Gk (https://www.q84sale.com/_next/static/chunks/framework-1d2cebb0b8f7096d.js:9:94004)
    at J (https://www.q84sale.com/_next/static/chunks/framework-1d2cebb0b8f7096d.js:33:1364)
    at MessagePort.R (https://www.q84sale.com/_next/static/chunks/framework-1d2cebb0b8f7096d.js:33:1894)
[    1305ms] Error: Minified React error #418; visit https://reactjs.org/docs/error-decoder.html?invariant=418 for the full message or use the non-minified dev environment for full errors and additional helpful warnings.
    at Eg (https://www.q84sale.com/_next/static/chunks/framework-1d2cebb0b8f7096d.js:9:46429)
    at x (https://www.q84sale.com/_next/static/chunks/framework-1d2cebb0b8f7096d.js:9:121089)
    at Uk (https://www.q84sale.com/_next/static/chunks/framework-1d2cebb0b8f7096d.js:9:99086)
    at https://www.q84sale.com/_next/static/chunks/framework-1d2cebb0b8f7096d.js:9:98953
    at Ik (https://www.q84sale.com/_next/static/chunks/framework-1d2cebb0b8f7096d.js:9:98960)
    at Gk (https://www.q84sale.com/_next/static/chunks/framework-1d2cebb0b8f7096d.js:9:94004)
    at J (https://www.q84sale.com/_next/static/chunks/framework-1d2cebb0b8f7096d.js:33:1364)
    at MessagePort.R (https://www.q84sale.com/_next/static/chunks/framework-1d2cebb0b8f7096d.js:33:1894)
[    1306ms] Error: Minified React error #418; visit https://reactjs.org/docs/error-decoder.html?invariant=418 for the full message or use the non-minified dev environment for full errors and additional helpful warnings.
    at Eg (https://www.q84sale.com/_next/static/chunks/framework-1d2cebb0b8f7096d.js:9:46429)
    at x (https://www.q84sale.com/_next/static/chunks/framework-1d2cebb0b8f7096d.js:9:121089)
    at Uk (https://www.q84sale.com/_next/static/chunks/framework-1d2cebb0b8f7096d.js:9:99086)
    at https://www.q84sale.com/_next/static/chunks/framework-1d2cebb0b8f7096d.js:9:98953
    at Ik (https://www.q84sale.com/_next/static/chunks/framework-1d2cebb0b8f7096d.js:9:98960)
    at Gk (https://www.q84sale.com/_next/static/chunks/framework-1d2cebb0b8f7096d.js:9:94004)
    at J (https://www.q84sale.com/_next/static/chunks/framework-1d2cebb0b8f7096d.js:33:1364)
    at MessagePort.R (https://www.q84sale.com/_next/static/chunks/framework-1d2cebb0b8f7096d.js:33:1894)
[    1306ms] Error: Minified React error #418; visit https://reactjs.org/docs/error-decoder.html?invariant=418 for the full message or use the non-minified dev environment for full errors and additional helpful warnings.
    at Eg (https://www.q84sale.com/_next/static/chunks/framework-1d2cebb0b8f7096d.js:9:46429)
    at x (https://www.q84sale.com/_next/static/chunks/framework-1d2cebb0b8f7096d.js:9:121089)
    at Uk (https://www.q84sale.com/_next/static/chunks/framework-1d2cebb0b8f7096d.js:9:99086)
    at https://www.q84sale.com/_next/static/chunks/framework-1d2cebb0b8f7096d.js:9:98953
    at Ik (https://www.q84sale.com/_next/static/chunks/framework-1d2cebb0b8f7096d.js:9:98960)
    at Gk (https://www.q84sale.com/_next/static/chunks/framework-1d2cebb0b8f7096d.js:9:94004)
    at J (https://www.q84sale.com/_next/static/chunks/framework-1d2cebb0b8f7096d.js:33:1364)
    at MessagePort.R (https://www.q84sale.com/_next/static/chunks/framework-1d2cebb0b8f7096d.js:33:1894)
[    1307ms] Error: Minified React error #418; visit https://reactjs.org/docs/error-decoder.html?invariant=418 for the full message or use the non-minified dev environment for full errors and additional helpful warnings.
    at Eg (https://www.q84sale.com/_next/static/chunks/framework-1d2cebb0b8f7096d.js:9:46429)
    at x (https://www.q84sale.com/_next/static/chunks/framework-1d2cebb0b8f7096d.js:9:121089)
    at Uk (https://www.q84sale.com/_next/static/chunks/framework-1d2cebb0b8f7096d.js:9:99086)
    at https://www.q84sale.com/_next/static/chunks/framework-1d2cebb0b8f7096d.js:9:98953
    at Ik (https://www.q84sale.com/_next/static/chunks/framework-1d2cebb0b8f7096d.js:9:98960)
    at Gk (https://www.q84sale.com/_next/static/chunks/framework-1d2cebb0b8f7096d.js:9:94004)
    at J (https://www.q84sale.com/_next/static/chunks/framework-1d2cebb0b8f7096d.js:33:1364)
    at MessagePort.R (https://www.q84sale.com/_next/static/chunks/framework-1d2cebb0b8f7096d.js:33:1894)
[    1307ms] Error: Minified React error #418; visit https://reactjs.org/docs/error-decoder.html?invariant=418 for the full message or use the non-minified dev environment for full errors and additional helpful warnings.
    at Eg (https://www.q84sale.com/_next/static/chunks/framework-1d2cebb0b8f7096d.js:9:46429)
    at x (https://www.q84sale.com/_next/static/chunks/framework-1d2cebb0b8f7096d.js:9:121089)
    at Uk (https://www.q84sale.com/_next/static/chunks/framework-1d2cebb0b8f7096d.js:9:99086)
    at https://www.q84sale.com/_next/static/chunks/framework-1d2cebb0b8f7096d.js:9:98953
    at Ik (https://www.q84sale.com/_next/static/chunks/framework-1d2cebb0b8f7096d.js:9:98960)
    at Gk (https://www.q84sale.com/_next/static/chunks/framework-1d2cebb0b8f7096d.js:9:94004)
    at J (https://www.q84sale.com/_next/static/chunks/framework-1d2cebb0b8f7096d.js:33:1364)
    at MessagePort.R (https://www.q84sale.com/_next/static/chunks/framework-1d2cebb0b8f7096d.js:33:1894)
[    1307ms] Error: Minified React error #418; visit https://reactjs.org/docs/error-decoder.html?invariant=418 for the full message or use the non-minified dev environment for full errors and additional helpful warnings.
    at Eg (https://www.q84sale.com/_next/static/chunks/framework-1d2cebb0b8f7096d.js:9:46429)
    at x (https://www.q84sale.com/_next/static/chunks/framework-1d2cebb0b8f7096d.js:9:121089)
    at Uk (https://www.q84sale.com/_next/static/chunks/framework-1d2cebb0b8f7096d.js:9:99086)
    at https://www.q84sale.com/_next/static/chunks/framework-1d2cebb0b8f7096d.js:9:98953
    at Ik (https://www.q84sale.com/_next/static/chunks/framework-1d2cebb0b8f7096d.js:9:98960)
    at Gk (https://www.q84sale.com/_next/static/chunks/framework-1d2cebb0b8f7096d.js:9:94004)
    at J (https://www.q84sale.com/_next/static/chunks/framework-1d2cebb0b8f7096d.js:33:1364)
    at MessagePort.R (https://www.q84sale.com/_next/static/chunks/framework-1d2cebb0b8f7096d.js:33:1894)
[    1307ms] Error: Minified React error #418; visit https://reactjs.org/docs/error-decoder.html?invariant=418 for the full message or use the non-minified dev environment for full errors and additional helpful warnings.
    at Eg (https://www.q84sale.com/_next/static/chunks/framework-1d2cebb0b8f7096d.js:9:46429)
    at x (https://www.q84sale.com/_next/static/chunks/framework-1d2cebb0b8f7096d.js:9:121089)
    at Uk (https://www.q84sale.com/_next/static/chunks/framework-1d2cebb0b8f7096d.js:9:99086)
    at https://www.q84sale.com/_next/static/chunks/framework-1d2cebb0b8f7096d.js:9:98953
    at Ik (https://www.q84sale.com/_next/static/chunks/framework-1d2cebb0b8f7096d.js:9:98960)
    at Gk (https://www.q84sale.com/_next/static/chunks/framework-1d2cebb0b8f7096d.js:9:94004)
    at J (https://www.q84sale.com/_next/static/chunks/framework-1d2cebb0b8f7096d.js:33:1364)
    at MessagePort.R (https://www.q84sale.com/_next/static/chunks/framework-1d2cebb0b8f7096d.js:33:1894)
[    1307ms] Error: Minified React error #418; visit https://reactjs.org/docs/error-decoder.html?invariant=418 for the full message or use the non-minified dev environment for full errors and additional helpful warnings.
    at Eg (https://www.q84sale.com/_next/static/chunks/framework-1d2cebb0b8f7096d.js:9:46429)
    at x (https://www.q84sale.com/_next/static/chunks/framework-1d2cebb0b8f7096d.js:9:121089)
    at Uk (https://www.q84sale.com/_next/static/chunks/framework-1d2cebb0b8f7096d.js:9:99086)
    at https://www.q84sale.com/_next/static/chunks/framework-1d2cebb0b8f7096d.js:9:98953
    at Ik (https://www.q84sale.com/_next/static/chunks/framework-1d2cebb0b8f7096d.js:9:98960)
    at Gk (https://www.q84sale.com/_next/static/chunks/framework-1d2cebb0b8f7096d.js:9:94004)
    at J (https://www.q84sale.com/_next/static/chunks/framework-1d2cebb0b8f7096d.js:33:1364)
    at MessagePort.R (https://www.q84sale.com/_next/static/chunks/framework-1d2cebb0b8f7096d.js:33:1894)
[    1307ms] Error: Minified React error #418; visit https://reactjs.org/docs/error-decoder.html?invariant=418 for the full message or use the non-minified dev environment for full errors and additional helpful warnings.
    at Eg (https://www.q84sale.com/_next/static/chunks/framework-1d2cebb0b8f7096d.js:9:46429)
    at x (https://www.q84sale.com/_next/static/chunks/framework-1d2cebb0b8f7096d.js:9:121089)
    at Uk (https://www.q84sale.com/_next/static/chunks/framework-1d2cebb0b8f7096d.js:9:99086)
    at https://www.q84sale.com/_next/static/chunks/framework-1d2cebb0b8f7096d.js:9:98953
    at Ik (https://www.q84sale.com/_next/static/chunks/framework-1d2cebb0b8f7096d.js:9:98960)
    at Gk (https://www.q84sale.com/_next/static/chunks/framework-1d2cebb0b8f7096d.js:9:94004)
    at J (https://www.q84sale.com/_next/static/chunks/framework-1d2cebb0b8f7096d.js:33:1364)
    at MessagePort.R (https://www.q84sale.com/_next/static/chunks/framework-1d2cebb0b8f7096d.js:33:1894)
[    1308ms] Error: Minified React error #418; visit https://reactjs.org/docs/error-decoder.html?invariant=418 for the full message or use the non-minified dev environment for full errors and additional helpful warnings.
    at Eg (https://www.q84sale.com/_next/static/chunks/framework-1d2cebb0b8f7096d.js:9:46429)
    at x (https://www.q84sale.com/_next/static/chunks/framework-1d2cebb0b8f7096d.js:9:121089)
    at Uk (https://www.q84sale.com/_next/static/chunks/framework-1d2cebb0b8f7096d.js:9:99086)
    at https://www.q84sale.com/_next/static/chunks/framework-1d2cebb0b8f7096d.js:9:98953
    at Ik (https://www.q84sale.com/_next/static/chunks/framework-1d2cebb0b8f7096d.js:9:98960)
    at Gk (https://www.q84sale.com/_next/static/chunks/framework-1d2cebb0b8f7096d.js:9:94004)
    at J (https://www.q84sale.com/_next/static/chunks/framework-1d2cebb0b8f7096d.js:33:1364)
    at MessagePort.R (https://www.q84sale.com/_next/static/chunks/framework-1d2cebb0b8f7096d.js:33:1894)
[    1308ms] Error: Minified React error #418; visit https://reactjs.org/docs/error-decoder.html?invariant=418 for the full message or use the non-minified dev environment for full errors and additional helpful warnings.
    at Eg (https://www.q84sale.com/_next/static/chunks/framework-1d2cebb0b8f7096d.js:9:46429)
    at x (https://www.q84sale.com/_next/static/chunks/framework-1d2cebb0b8f7096d.js:9:121089)
    at Uk (https://www.q84sale.com/_next/static/chunks/framework-1d2cebb0b8f7096d.js:9:99086)
    at https://www.q84sale.com/_next/static/chunks/framework-1d2cebb0b8f7096d.js:9:98953
    at Ik (https://www.q84sale.com/_next/static/chunks/framework-1d2cebb0b8f7096d.js:9:98960)
    at Gk (https://www.q84sale.com/_next/static/chunks/framework-1d2cebb0b8f7096d.js:9:94004)
    at J (https://www.q84sale.com/_next/static/chunks/framework-1d2cebb0b8f7096d.js:33:1364)
    at MessagePort.R (https://www.q84sale.com/_next/static/chunks/framework-1d2cebb0b8f7096d.js:33:1894)
[    1308ms] Error: Minified React error #418; visit https://reactjs.org/docs/error-decoder.html?invariant=418 for the full message or use the non-minified dev environment for full errors and additional helpful warnings.
    at Eg (https://www.q84sale.com/_next/static/chunks/framework-1d2cebb0b8f7096d.js:9:46429)
    at x (https://www.q84sale.com/_next/static/chunks/framework-1d2cebb0b8f7096d.js:9:121089)
    at Uk (https://www.q84sale.com/_next/static/chunks/framework-1d2cebb0b8f7096d.js:9:99086)
    at https://www.q84sale.com/_next/static/chunks/framework-1d2cebb0b8f7096d.js:9:98953
    at Ik (https://www.q84sale.com/_next/static/chunks/framework-1d2cebb0b8f7096d.js:9:98960)
    at Gk (https://www.q84sale.com/_next/static/chunks/framework-1d2cebb0b8f7096d.js:9:94004)
    at J (https://www.q84sale.com/_next/static/chunks/framework-1d2cebb0b8f7096d.js:33:1364)
    at MessagePort.R (https://www.q84sale.com/_next/static/chunks/framework-1d2cebb0b8f7096d.js:33:1894)
[    1308ms] Error: Minified React error #418; visit https://reactjs.org/docs/error-decoder.html?invariant=418 for the full message or use the non-minified dev environment for full errors and additional helpful warnings.
    at Eg (https://www.q84sale.com/_next/static/chunks/framework-1d2cebb0b8f7096d.js:9:46429)
    at x (https://www.q84sale.com/_next/static/chunks/framework-1d2cebb0b8f7096d.js:9:121089)
    at Uk (https://www.q84sale.com/_next/static/chunks/framework-1d2cebb0b8f7096d.js:9:99086)
    at https://www.q84sale.com/_next/static/chunks/framework-1d2cebb0b8f7096d.js:9:98953
    at Ik (https://www.q84sale.com/_next/static/chunks/framework-1d2cebb0b8f7096d.js:9:98960)
    at Gk (https://www.q84sale.com/_next/static/chunks/framework-1d2cebb0b8f7096d.js:9:94004)
    at J (https://www.q84sale.com/_next/static/chunks/framework-1d2cebb0b8f7096d.js:33:1364)
    at MessagePort.R (https://www.q84sale.com/_next/static/chunks/framework-1d2cebb0b8f7096d.js:33:1894)
[    1308ms] Error: Minified React error #418; visit https://reactjs.org/docs/error-decoder.html?invariant=418 for the full message or use the non-minified dev environment for full errors and additional helpful warnings.
    at Eg (https://www.q84sale.com/_next/static/chunks/framework-1d2cebb0b8f7096d.js:9:46429)
    at x (https://www.q84sale.com/_next/static/chunks/framework-1d2cebb0b8f7096d.js:9:121089)
    at Uk (https://www.q84sale.com/_next/static/chunks/framework-1d2cebb0b8f7096d.js:9:99086)
    at https://www.q84sale.com/_next/static/chunks/framework-1d2cebb0b8f7096d.js:9:98953
    at Ik (https://www.q84sale.com/_next/static/chunks/framework-1d2cebb0b8f7096d.js:9:98960)
    at Gk (https://www.q84sale.com/_next/static/chunks/framework-1d2cebb0b8f7096d.js:9:94004)
    at J (https://www.q84sale.com/_next/static/chunks/framework-1d2cebb0b8f7096d.js:33:1364)
    at MessagePort.R (https://www.q84sale.com/_next/static/chunks/framework-1d2cebb0b8f7096d.js:33:1894)
[    1308ms] Error: Minified React error #418; visit https://reactjs.org/docs/error-decoder.html?invariant=418 for the full message or use the non-minified dev environment for full errors and additional helpful warnings.
    at Eg (https://www.q84sale.com/_next/static/chunks/framework-1d2cebb0b8f7096d.js:9:46429)
    at x (https://www.q84sale.com/_next/static/chunks/framework-1d2cebb0b8f7096d.js:9:121089)
    at Uk (https://www.q84sale.com/_next/static/chunks/framework-1d2cebb0b8f7096d.js:9:99086)
    at https://www.q84sale.com/_next/static/chunks/framework-1d2cebb0b8f7096d.js:9:98953
    at Ik (https://www.q84sale.com/_next/static/chunks/framework-1d2cebb0b8f7096d.js:9:98960)
    at Gk (https://www.q84sale.com/_next/static/chunks/framework-1d2cebb0b8f7096d.js:9:94004)
    at J (https://www.q84sale.com/_next/static/chunks/framework-1d2cebb0b8f7096d.js:33:1364)
    at MessagePort.R (https://www.q84sale.com/_next/static/chunks/framework-1d2cebb0b8f7096d.js:33:1894)
[    1308ms] Error: Minified React error #418; visit https://reactjs.org/docs/error-decoder.html?invariant=418 for the full message or use the non-minified dev environment for full errors and additional helpful warnings.
    at Eg (https://www.q84sale.com/_next/static/chunks/framework-1d2cebb0b8f7096d.js:9:46429)
    at x (https://www.q84sale.com/_next/static/chunks/framework-1d2cebb0b8f7096d.js:9:121089)
    at Uk (https://www.q84sale.com/_next/static/chunks/framework-1d2cebb0b8f7096d.js:9:99086)
    at https://www.q84sale.com/_next/static/chunks/framework-1d2cebb0b8f7096d.js:9:98953
    at Ik (https://www.q84sale.com/_next/static/chunks/framework-1d2cebb0b8f7096d.js:9:98960)
    at Gk (https://www.q84sale.com/_next/static/chunks/framework-1d2cebb0b8f7096d.js:9:94004)
    at J (https://www.q84sale.com/_next/static/chunks/framework-1d2cebb0b8f7096d.js:33:1364)
    at MessagePort.R (https://www.q84sale.com/_next/static/chunks/framework-1d2cebb0b8f7096d.js:33:1894)
[    1308ms] Error: Minified React error #418; visit https://reactjs.org/docs/error-decoder.html?invariant=418 for the full message or use the non-minified dev environment for full errors and additional helpful warnings.
    at Eg (https://www.q84sale.com/_next/static/chunks/framework-1d2cebb0b8f7096d.js:9:46429)
    at x (https://www.q84sale.com/_next/static/chunks/framework-1d2cebb0b8f7096d.js:9:121089)
    at Uk (https://www.q84sale.com/_next/static/chunks/framework-1d2cebb0b8f7096d.js:9:99086)
    at https://www.q84sale.com/_next/static/chunks/framework-1d2cebb0b8f7096d.js:9:98953
    at Ik (https://www.q84sale.com/_next/static/chunks/framework-1d2cebb0b8f7096d.js:9:98960)
    at Gk (https://www.q84sale.com/_next/static/chunks/framework-1d2cebb0b8f7096d.js:9:94004)
    at J (https://www.q84sale.com/_next/static/chunks/framework-1d2cebb0b8f7096d.js:33:1364)
    at MessagePort.R (https://www.q84sale.com/_next/static/chunks/framework-1d2cebb0b8f7096d.js:33:1894)
[    1309ms] Error: Minified React error #418; visit https://reactjs.org/docs/error-decoder.html?invariant=418 for the full message or use the non-minified dev environment for full errors and additional helpful warnings.
    at Eg (https://www.q84sale.com/_next/static/chunks/framework-1d2cebb0b8f7096d.js:9:46429)
    at x (https://www.q84sale.com/_next/static/chunks/framework-1d2cebb0b8f7096d.js:9:121089)
    at Uk (https://www.q84sale.com/_next/static/chunks/framework-1d2cebb0b8f7096d.js:9:99086)
    at https://www.q84sale.com/_next/static/chunks/framework-1d2cebb0b8f7096d.js:9:98953
    at Ik (https://www.q84sale.com/_next/static/chunks/framework-1d2cebb0b8f7096d.js:9:98960)
    at Gk (https://www.q84sale.com/_next/static/chunks/framework-1d2cebb0b8f7096d.js:9:94004)
    at J (https://www.q84sale.com/_next/static/chunks/framework-1d2cebb0b8f7096d.js:33:1364)
    at MessagePort.R (https://www.q84sale.com/_next/static/chunks/framework-1d2cebb0b8f7096d.js:33:1894)
[    1309ms] Error: Minified React error #418; visit https://reactjs.org/docs/error-decoder.html?invariant=418 for the full message or use the non-minified dev environment for full errors and additional helpful warnings.
    at Eg (https://www.q84sale.com/_next/static/chunks/framework-1d2cebb0b8f7096d.js:9:46429)
    at x (https://www.q84sale.com/_next/static/chunks/framework-1d2cebb0b8f7096d.js:9:121089)
    at Uk (https://www.q84sale.com/_next/static/chunks/framework-1d2cebb0b8f7096d.js:9:99086)
    at https://www.q84sale.com/_next/static/chunks/framework-1d2cebb0b8f7096d.js:9:98953
    at Ik (https://www.q84sale.com/_next/static/chunks/framework-1d2cebb0b8f7096d.js:9:98960)
    at Gk (https://www.q84sale.com/_next/static/chunks/framework-1d2cebb0b8f7096d.js:9:94004)
    at J (https://www.q84sale.com/_next/static/chunks/framework-1d2cebb0b8f7096d.js:33:1364)
    at MessagePort.R (https://www.q84sale.com/_next/static/chunks/framework-1d2cebb0b8f7096d.js:33:1894)
[    1309ms] Error: Minified React error #418; visit https://reactjs.org/docs/error-decoder.html?invariant=418 for the full message or use the non-minified dev environment for full errors and additional helpful warnings.
    at Eg (https://www.q84sale.com/_next/static/chunks/framework-1d2cebb0b8f7096d.js:9:46429)
    at x (https://www.q84sale.com/_next/static/chunks/framework-1d2cebb0b8f7096d.js:9:121089)
    at Uk (https://www.q84sale.com/_next/static/chunks/framework-1d2cebb0b8f7096d.js:9:99086)
    at https://www.q84sale.com/_next/static/chunks/framework-1d2cebb0b8f7096d.js:9:98953
    at Ik (https://www.q84sale.com/_next/static/chunks/framework-1d2cebb0b8f7096d.js:9:98960)
    at Gk (https://www.q84sale.com/_next/static/chunks/framework-1d2cebb0b8f7096d.js:9:94004)
    at J (https://www.q84sale.com/_next/static/chunks/framework-1d2cebb0b8f7096d.js:33:1364)
    at MessagePort.R (https://www.q84sale.com/_next/static/chunks/framework-1d2cebb0b8f7096d.js:33:1894)
[    1309ms] Error: Minified React error #418; visit https://reactjs.org/docs/error-decoder.html?invariant=418 for the full message or use the non-minified dev environment for full errors and additional helpful warnings.
    at Eg (https://www.q84sale.com/_next/static/chunks/framework-1d2cebb0b8f7096d.js:9:46429)
    at x (https://www.q84sale.com/_next/static/chunks/framework-1d2cebb0b8f7096d.js:9:121089)
    at Uk (https://www.q84sale.com/_next/static/chunks/framework-1d2cebb0b8f7096d.js:9:99086)
    at https://www.q84sale.com/_next/static/chunks/framework-1d2cebb0b8f7096d.js:9:98953
    at Ik (https://www.q84sale.com/_next/static/chunks/framework-1d2cebb0b8f7096d.js:9:98960)
    at Gk (https://www.q84sale.com/_next/static/chunks/framework-1d2cebb0b8f7096d.js:9:94004)
    at J (https://www.q84sale.com/_next/static/chunks/framework-1d2cebb0b8f7096d.js:33:1364)
    at MessagePort.R (https://www.q84sale.com/_next/static/chunks/framework-1d2cebb0b8f7096d.js:33:1894)
[    1309ms] Error: Minified React error #423; visit https://reactjs.org/docs/error-decoder.html?invariant=423 for the full message or use the non-minified dev environment for full errors and additional helpful warnings.
    at x (https://www.q84sale.com/_next/static/chunks/framework-1d2cebb0b8f7096d.js:9:120758)
    at Uk (https://www.q84sale.com/_next/static/chunks/framework-1d2cebb0b8f7096d.js:9:99086)
    at https://www.q84sale.com/_next/static/chunks/framework-1d2cebb0b8f7096d.js:9:98953
    at Ik (https://www.q84sale.com/_next/static/chunks/framework-1d2cebb0b8f7096d.js:9:98960)
    at Nk (https://www.q84sale.com/_next/static/chunks/framework-1d2cebb0b8f7096d.js:9:95716)
    at Gk (https://www.q84sale.com/_next/static/chunks/framework-1d2cebb0b8f7096d.js:9:94272)
    at J (https://www.q84sale.com/_next/static/chunks/framework-1d2cebb0b8f7096d.js:33:1364)
    at MessagePort.R (https://www.q84sale.com/_next/static/chunks/framework-1d2cebb0b8f7096d.js:33:1894)
[    2240ms] [WARNING] Swiper Loop Warning: The number of slides is not enough for loop mode, it will be disabled and not function properly. You need to add more slides (or make duplicates) or lower the values of slidesPerView and slidesPerGroup parameters @ https://www.q84sale.com/_next/static/chunks/pages/_app-9fdfc70fbf17458a.js:2427
[    2367ms] TypeError: Cannot read properties of undefined (reading 'is_legacy_loaded')
    at XB.config (https://www.googletagmanager.com/gtag/js?l=dataLayer&id=G-FBWLCYYEV8:723:97)
    at uC (https://www.googletagmanager.com/gtag/js?l=dataLayer&id=G-FBWLCYYEV8:732:482)
    at wC (https://www.googletagmanager.com/gtag/js?l=dataLayer&id=G-FBWLCYYEV8:734:227)
    at sentryWrapped (https://www.q84sale.com/_next/static/chunks/pages/_app-9fdfc70fbf17458a.js:2417:11001)
[    2415ms] TypeError: Cannot read properties of undefined (reading 'is_legacy_loaded')
    at XB.config (https://www.googletagmanager.com/gtm.js?id=GTM-M4XCW73:658:97)
    at uC (https://www.googletagmanager.com/gtm.js?id=GTM-M4XCW73:667:482)
    at wC (https://www.googletagmanager.com/gtm.js?id=GTM-M4XCW73:669:227)
    at sentryWrapped (https://www.q84sale.com/_next/static/chunks/pages/_app-9fdfc70fbf17458a.js:2417:11001)
[    2457ms] TypeError: Cannot read properties of undefined (reading 'is_legacy_loaded')
    at XB.config (https://www.googletagmanager.com/gtag/js?id=G-GMP07JTJKK:781:97)
    at uC (https://www.googletagmanager.com/gtag/js?id=G-GMP07JTJKK:790:482)
    at wC (https://www.googletagmanager.com/gtag/js?id=G-GMP07JTJKK:792:227)
    at sentryWrapped (https://www.q84sale.com/_next/static/chunks/pages/_app-9fdfc70fbf17458a.js:2417:11001)
[    2513ms] [WARNING] [GPT] Using deprecated googletag.encryptedSignalProviders. Please use googletag.secureSignalProviders instead.
https://goo.gle/gpt-message#155 @ https://www.q84sale.com/_next/static/chunks/pages/_app-9fdfc70fbf17458a.js:2427
[    2725ms] [LOG] Configs were activated. @ https://www.q84sale.com/_next/static/chunks/pages/_app-9fdfc70fbf17458a.js:2427
[    2852ms] [WARNING] [GPT] Using deprecated googletag.encryptedSignalProviders. Please use googletag.secureSignalProviders instead.
https://goo.gle/gpt-message#155 @ https://www.q84sale.com/_next/static/chunks/pages/_app-9fdfc70fbf17458a.js:2427
[    2907ms] [WARNING] [GPT] Using deprecated googletag.encryptedSignalProviders. Please use googletag.secureSignalProviders instead.
https://goo.gle/gpt-message#155 @ https://www.q84sale.com/_next/static/chunks/pages/_app-9fdfc70fbf17458a.js:2427
[    2917ms] [WARNING] Google Deploy of the SharedId library has been deprecated. Please select another option in the GAM UI. If you use Prebid, we suggest the Prebid.js UserId option. If you do not, you may configure GAM to allow Google to share a first party user identifier with OB and AB participants, which is either the publisherProvidedId or the __gads value when that is missing. @ https://www.q84sale.com/_next/static/chunks/pages/_app-9fdfc70fbf17458a.js:2427
[    3697ms] [ERROR] Attestation check for Shared Storage on https://www.googleadservices.com failed. @ https://www.googleadservices.com/pagead/managed/js/activeview/current/reach_worklet.html:0
